<?xml version="1.0" encoding="UTF-8"?>
<testsuite xmlns:xsi="http://www.w3.org/2001/XMLSchema-instance" xsi:noNamespaceSchemaLocation="https://maven.apache.org/surefire/maven-surefire-plugin/xsd/surefire-test-report.xsd" name="US1008 liste olarak verilen kullanicilar ile negatif login testi" time="33.389" tests="5" errors="2" skipped="0" failures="0">
  <properties>
[...]
</properties>
  <testcase name="TC14 Liste olarak verilen kullanicilar ile negatif login testi yapilabilmeli #1" classname="US1008 liste olarak verilen kullanicilar ile negatif login testi" time="7.264"/>
  <testcase name="TC14 Liste olarak verilen kullanicilar ile negatif login testi yapilabilmeli #2" classname="US1008 liste olarak verilen kullanicilar ile negatif login testi" time="6.269"/>
  <testcase name="TC14 Liste olarak verilen kullanicilar ile negatif login testi yapilabilmeli #3" classname="US1008 liste olarak verilen kullanicilar ile negatif login testi" time="6"/>
  <testcase name="TC14 Liste olarak verilen kullanicilar ile negatif login testi yapilabilmeli #4" classname="US1008 liste olarak verilen kullanicilar ile negatif login testi" time="6.982">
    <error message="element click intercepted: Element &lt;button type=&quot;submit&quot; class=&quot;btn red radius-5 mt-4 w-100&quot;&gt;...&lt;/button&gt; is not clickable at point (1089, 540). Other element would receive the click: &lt;p&gt;...&lt;/p&gt;&#10;  (Session info: chrome=114.0.5735.199)&#10;Build info: version: &apos;4.10.0&apos;, revision: &apos;c14d967899&apos;&#10;System info: os.name: &apos;Windows 11&apos;, os.arch: &apos;amd64&apos;, os.version: &apos;10.0&apos;, java.version: &apos;11.0.18&apos;&#10;Driver info: org.openqa.selenium.chrome.ChromeDriver&#10;Command: [b67221a1dcdc7edfbe3bd767c0baffc2, clickElement {id=6A16C9AB2782A2A943DFE6E4E82C13D8_element_52}]&#10;Capabilities {acceptInsecureCerts: false, browserName: chrome, browserVersion: 114.0.5735.199, chrome: {chromedriverVersion: 114.0.5735.90 (386bc09e8f4f..., userDataDir: C:\Users\melih\AppData\Loca...}, goog:chromeOptions: {debuggerAddress: localhost:59702}, networkConnectionEnabled: false, pageLoadStrategy: normal, platformName: windows, proxy: Proxy(), se:cdp: ws://localhost:59702/devtoo..., se:cdpVersion: 114.0.5735.199, setWindowRect: true, strictFileInteractability: false, timeouts: {implicit: 0, pageLoad: 300000, script: 30000}, unhandledPromptBehavior: dismiss and notify, webauthn:extension:credBlob: true, webauthn:extension:largeBlob: true, webauthn:extension:minPinLength: true, webauthn:extension:prf: true, webauthn:virtualAuthenticators: true}&#10;Element: [[ChromeDriver: chrome on windows (b67221a1dcdc7edfbe3bd767c0baffc2)] -&gt; xpath: (//*[text() = &apos;Login&apos;])[2]]&#10;Session ID: b67221a1dcdc7edfbe3bd767c0baffc2" type="org.openqa.selenium.ElementClickInterceptedException"><![CDATA[org.openqa.selenium.ElementClickInterceptedException: 
element click intercepted: Element <button type="submit" class="btn red radius-5 mt-4 w-100">...</button> is not clickable at point (1089, 540). Other element would receive the click: <p>...</p>
  (Session info: chrome=114.0.5735.199)
Build info: version: '4.10.0', revision: 'c14d967899'
System info: os.name: 'Windows 11', os.arch: 'amd64', os.version: '10.0', java.version: '11.0.18'
Driver info: org.openqa.selenium.chrome.ChromeDriver
Command: [b67221a1dcdc7edfbe3bd767c0baffc2, clickElement {id=6A16C9AB2782A2A943DFE6E4E82C13D8_element_52}]
Capabilities {acceptInsecureCerts: false, browserName: chrome, browserVersion: 114.0.5735.199, chrome: {chromedriverVersion: 114.0.5735.90 (386bc09e8f4f..., userDataDir: C:\Users\melih\AppData\Loca...}, goog:chromeOptions: {debuggerAddress: localhost:59702}, networkConnectionEnabled: false, pageLoadStrategy: normal, platformName: windows, proxy: Proxy(), se:cdp: ws://localhost:59702/devtoo..., se:cdpVersion: 114.0.5735.199, setWindowRect: true, strictFileInteractability: false, timeouts: {implicit: 0, pageLoad: 300000, script: 30000}, unhandledPromptBehavior: dismiss and notify, webauthn:extension:credBlob: true, webauthn:extension:largeBlob: true, webauthn:extension:minPinLength: true, webauthn:extension:prf: true, webauthn:virtualAuthenticators: true}
Element: [[ChromeDriver: chrome on windows (b67221a1dcdc7edfbe3bd767c0baffc2)] -> xpath: (//*[text() = 'Login'])[2]]
Session ID: b67221a1dcdc7edfbe3bd767c0baffc2
]]></error>
    <system-err><![CDATA[Tem 18, 2023 5:19:04 ÖS org.openqa.selenium.remote.service.DriverService$Builder getLogOutput
INFO: Driver logs no longer sent to console by default; https://www.selenium.dev/documentation/webdriver/drivers/service/#setting-log-output
]]></system-err>
  </testcase>
  <testcase name="TC14 Liste olarak verilen kullanicilar ile negatif login testi yapilabilmeli #5" classname="US1008 liste olarak verilen kullanicilar ile negatif login testi" time="6.87">
    <error message="element click intercepted: Element &lt;button type=&quot;submit&quot; class=&quot;btn red radius-5 mt-4 w-100&quot;&gt;...&lt;/button&gt; is not clickable at point (1089, 540). Other element would receive the click: &lt;p&gt;...&lt;/p&gt;&#10;  (Session info: chrome=114.0.5735.199)&#10;Build info: version: &apos;4.10.0&apos;, revision: &apos;c14d967899&apos;&#10;System info: os.name: &apos;Windows 11&apos;, os.arch: &apos;amd64&apos;, os.version: &apos;10.0&apos;, java.version: &apos;11.0.18&apos;&#10;Driver info: org.openqa.selenium.chrome.ChromeDriver&#10;Command: [b7af6979650df3134ffe1b22de01888b, clickElement {id=D30CFB4F5B73B60A918B4C250D059343_element_35}]&#10;Capabilities {acceptInsecureCerts: false, browserName: chrome, browserVersion: 114.0.5735.199, chrome: {chromedriverVersion: 114.0.5735.90 (386bc09e8f4f..., userDataDir: C:\Users\melih\AppData\Loca...}, goog:chromeOptions: {debuggerAddress: localhost:59724}, networkConnectionEnabled: false, pageLoadStrategy: normal, platformName: windows, proxy: Proxy(), se:cdp: ws://localhost:59724/devtoo..., se:cdpVersion: 114.0.5735.199, setWindowRect: true, strictFileInteractability: false, timeouts: {implicit: 0, pageLoad: 300000, script: 30000}, unhandledPromptBehavior: dismiss and notify, webauthn:extension:credBlob: true, webauthn:extension:largeBlob: true, webauthn:extension:minPinLength: true, webauthn:extension:prf: true, webauthn:virtualAuthenticators: true}&#10;Element: [[ChromeDriver: chrome on windows (b7af6979650df3134ffe1b22de01888b)] -&gt; xpath: (//*[text() = &apos;Login&apos;])[2]]&#10;Session ID: b7af6979650df3134ffe1b22de01888b" type="org.openqa.selenium.ElementClickInterceptedException"><![CDATA[org.openqa.selenium.ElementClickInterceptedException: 
element click intercepted: Element <button type="submit" class="btn red radius-5 mt-4 w-100">...</button> is not clickable at point (1089, 540). Other element would receive the click: <p>...</p>
  (Session info: chrome=114.0.5735.199)
Build info: version: '4.10.0', revision: 'c14d967899'
System info: os.name: 'Windows 11', os.arch: 'amd64', os.version: '10.0', java.version: '11.0.18'
Driver info: org.openqa.selenium.chrome.ChromeDriver
Command: [b7af6979650df3134ffe1b22de01888b, clickElement {id=D30CFB4F5B73B60A918B4C250D059343_element_35}]
Capabilities {acceptInsecureCerts: false, browserName: chrome, browserVersion: 114.0.5735.199, chrome: {chromedriverVersion: 114.0.5735.90 (386bc09e8f4f..., userDataDir: C:\Users\melih\AppData\Loca...}, goog:chromeOptions: {debuggerAddress: localhost:59724}, networkConnectionEnabled: false, pageLoadStrategy: normal, platformName: windows, proxy: Proxy(), se:cdp: ws://localhost:59724/devtoo..., se:cdpVersion: 114.0.5735.199, setWindowRect: true, strictFileInteractability: false, timeouts: {implicit: 0, pageLoad: 300000, script: 30000}, unhandledPromptBehavior: dismiss and notify, webauthn:extension:credBlob: true, webauthn:extension:largeBlob: true, webauthn:extension:minPinLength: true, webauthn:extension:prf: true, webauthn:virtualAuthenticators: true}
Element: [[ChromeDriver: chrome on windows (b7af6979650df3134ffe1b22de01888b)] -> xpath: (//*[text() = 'Login'])[2]]
Session ID: b7af6979650df3134ffe1b22de01888b
]]></error>
    <system-err><![CDATA[Tem 18, 2023 5:19:11 ÖS org.openqa.selenium.remote.service.DriverService$Builder getLogOutput
INFO: Driver logs no longer sent to console by default; https://www.selenium.dev/documentation/webdriver/drivers/service/#setting-log-output
]]></system-err>
  </testcase>
</testsuite>