<?xml version="1.0" encoding="UTF-8"?>
<testsuite name="Cucumber" time="33.458" tests="5" skipped="0" failures="2" errors="0">
<testcase classname="US1008 liste olarak verilen kullanicilar ile negatif login testi" name="TC14 Liste olarak verilen kullanicilar ile negatif login testi yapilabilmeli - Example #1.1" time="7.205">
<system-out><![CDATA[
Given kullanici "qdUrl" anasayfaya gider....................................passed
Then anasayfada login linkine click yapar...................................passed
And email kutusuna listeden "selgun" yazar..................................passed
And password kutusuna listeden "12345" yazar................................passed
And 2 saniye bekler.........................................................passed
When login butonuna basar...................................................passed
And basarili olarak giris yapilamadigini test eder..........................passed
Then sayfayi kapatir........................................................passed
]]></system-out>
</testcase>
<testcase classname="US1008 liste olarak verilen kullanicilar ile negatif login testi" name="TC14 Liste olarak verilen kullanicilar ile negatif login testi yapilabilmeli - Example #1.2" time="6.26">
<system-out><![CDATA[
Given kullanici "qdUrl" anasayfaya gider....................................passed
Then anasayfada login linkine click yapar...................................passed
And email kutusuna listeden "aysegul" yazar.................................passed
And password kutusuna listeden "34567" yazar................................passed
And 2 saniye bekler.........................................................passed
When login butonuna basar...................................................passed
And basarili olarak giris yapilamadigini test eder..........................passed
Then sayfayi kapatir........................................................passed
]]></system-out>
</testcase>
<testcase classname="US1008 liste olarak verilen kullanicilar ile negatif login testi" name="TC14 Liste olarak verilen kullanicilar ile negatif login testi yapilabilmeli - Example #1.3" time="5.996">
<system-out><![CDATA[
Given kullanici "qdUrl" anasayfaya gider....................................passed
Then anasayfada login linkine click yapar...................................passed
And email kutusuna listeden "yusuf" yazar...................................passed
And password kutusuna listeden "765432" yazar...............................passed
And 2 saniye bekler.........................................................passed
When login butonuna basar...................................................passed
And basarili olarak giris yapilamadigini test eder..........................passed
Then sayfayi kapatir........................................................passed
]]></system-out>
</testcase>
<testcase classname="US1008 liste olarak verilen kullanicilar ile negatif login testi" name="TC14 Liste olarak verilen kullanicilar ile negatif login testi yapilabilmeli - Example #1.4" time="6.975">
<failure type="org.openqa.selenium.ElementClickInterceptedException" message="element click intercepted: Element &lt;button type=&quot;submit&quot; class=&quot;btn red radius-5 mt-4 w-100&quot;&gt;...&lt;/button&gt; is not clickable at point (1089, 540). Other element would receive the click: &lt;p&gt;...&lt;/p&gt;
  (Session info: chrome=114.0.5735.199)
Build info: version: '4.10.0', revision: 'c14d967899'
System info: os.name: 'Windows 11', os.arch: 'amd64', os.version: '10.0', java.version: '11.0.18'
Driver info: org.openqa.selenium.chrome.ChromeDriver
Command: [b67221a1dcdc7edfbe3bd767c0baffc2, clickElement {id=6A16C9AB2782A2A943DFE6E4E82C13D8_element_52}]
Capabilities {acceptInsecureCerts: false, browserName: chrome, browserVersion: 114.0.5735.199, chrome: {chromedriverVersion: 114.0.5735.90 (386bc09e8f4f..., userDataDir: C:\Users\melih\AppData\Loca...}, goog:chromeOptions: {debuggerAddress: localhost:59702}, networkConnectionEnabled: false, pageLoadStrategy: normal, platformName: windows, proxy: Proxy(), se:cdp: ws://localhost:59702/devtoo..., se:cdpVersion: 114.0.5735.199, setWindowRect: true, strictFileInteractability: false, timeouts: {implicit: 0, pageLoad: 300000, script: 30000}, unhandledPromptBehavior: dismiss and notify, webauthn:extension:credBlob: true, webauthn:extension:largeBlob: true, webauthn:extension:minPinLength: true, webauthn:extension:prf: true, webauthn:virtualAuthenticators: true}
Element: [[ChromeDriver: chrome on windows (b67221a1dcdc7edfbe3bd767c0baffc2)] -&gt; xpath: (//*[text() = 'Login'])[2]]
Session ID: b67221a1dcdc7edfbe3bd767c0baffc2">
<![CDATA[org.openqa.selenium.ElementClickInterceptedException: element click intercepted: Element <button type="submit" class="btn red radius-5 mt-4 w-100">...</button> is not clickable at point (1089, 540). Other element would receive the click: <p>...</p>
  (Session info: chrome=114.0.5735.199)
Build info: version: '4.10.0', revision: 'c14d967899'
System info: os.name: 'Windows 11', os.arch: 'amd64', os.version: '10.0', java.version: '11.0.18'
Driver info: org.openqa.selenium.chrome.ChromeDriver
Command: [b67221a1dcdc7edfbe3bd767c0baffc2, clickElement {id=6A16C9AB2782A2A943DFE6E4E82C13D8_element_52}]
Capabilities {acceptInsecureCerts: false, browserName: chrome, browserVersion: 114.0.5735.199, chrome: {chromedriverVersion: 114.0.5735.90 (386bc09e8f4f..., userDataDir: C:\Users\melih\AppData\Loca...}, goog:chromeOptions: {debuggerAddress: localhost:59702}, networkConnectionEnabled: false, pageLoadStrategy: normal, platformName: windows, proxy: Proxy(), se:cdp: ws://localhost:59702/devtoo..., se:cdpVersion: 114.0.5735.199, setWindowRect: true, strictFileInteractability: false, timeouts: {implicit: 0, pageLoad: 300000, script: 30000}, unhandledPromptBehavior: dismiss and notify, webauthn:extension:credBlob: true, webauthn:extension:largeBlob: true, webauthn:extension:minPinLength: true, webauthn:extension:prf: true, webauthn:virtualAuthenticators: true}
Element: [[ChromeDriver: chrome on windows (b67221a1dcdc7edfbe3bd767c0baffc2)] -> xpath: (//*[text() = 'Login'])[2]]
Session ID: b67221a1dcdc7edfbe3bd767c0baffc2
	at java.base/jdk.internal.reflect.NativeConstructorAccessorImpl.newInstance0(Native Method)
	at java.base/jdk.internal.reflect.NativeConstructorAccessorImpl.newInstance(NativeConstructorAccessorImpl.java:62)
	at java.base/jdk.internal.reflect.DelegatingConstructorAccessorImpl.newInstance(DelegatingConstructorAccessorImpl.java:45)
	at java.base/java.lang.reflect.Constructor.newInstance(Constructor.java:490)
	at org.openqa.selenium.remote.codec.w3c.W3CHttpResponseCodec.createException(W3CHttpResponseCodec.java:199)
	at org.openqa.selenium.remote.codec.w3c.W3CHttpResponseCodec.decode(W3CHttpResponseCodec.java:132)
	at org.openqa.selenium.remote.codec.w3c.W3CHttpResponseCodec.decode(W3CHttpResponseCodec.java:51)
	at org.openqa.selenium.remote.HttpCommandExecutor.execute(HttpCommandExecutor.java:191)
	at org.openqa.selenium.remote.service.DriverCommandExecutor.invokeExecute(DriverCommandExecutor.java:196)
	at org.openqa.selenium.remote.service.DriverCommandExecutor.execute(DriverCommandExecutor.java:171)
	at org.openqa.selenium.remote.RemoteWebDriver.execute(RemoteWebDriver.java:531)
	at org.openqa.selenium.remote.RemoteWebElement.execute(RemoteWebElement.java:242)
	at org.openqa.selenium.remote.RemoteWebElement.click(RemoteWebElement.java:77)
	at java.base/jdk.internal.reflect.NativeMethodAccessorImpl.invoke0(Native Method)
	at java.base/jdk.internal.reflect.NativeMethodAccessorImpl.invoke(NativeMethodAccessorImpl.java:62)
	at java.base/jdk.internal.reflect.DelegatingMethodAccessorImpl.invoke(DelegatingMethodAccessorImpl.java:43)
	at java.base/java.lang.reflect.Method.invoke(Method.java:566)
	at org.openqa.selenium.support.pagefactory.internal.LocatingElementHandler.invoke(LocatingElementHandler.java:51)
	at com.sun.proxy.$Proxy23.click(Unknown Source)
	at stepdefinitions.QdStepdefinitions.login_butonuna_basar(QdStepdefinitions.java:28)
	at ✽.login butonuna basar(file:///C:/Users/melih/IdeaProjects/team116_Cucumber/src/test/resources/US1008_ScenarioOutlineNegatifLoginTesti.feature:10)
]]>
</failure>
<system-out><![CDATA[
Given kullanici "qdUrl" anasayfaya gider....................................passed
Then anasayfada login linkine click yapar...................................passed
And email kutusuna listeden "sevda" yazar...................................passed
And password kutusuna listeden "98765" yazar................................passed
And 2 saniye bekler.........................................................passed
When login butonuna basar...................................................failed
And basarili olarak giris yapilamadigini test eder..........................skipped
Then sayfayi kapatir........................................................skipped
]]></system-out>
</testcase>
<testcase classname="US1008 liste olarak verilen kullanicilar ile negatif login testi" name="TC14 Liste olarak verilen kullanicilar ile negatif login testi yapilabilmeli - Example #1.5" time="6.863">
<failure type="org.openqa.selenium.ElementClickInterceptedException" message="element click intercepted: Element &lt;button type=&quot;submit&quot; class=&quot;btn red radius-5 mt-4 w-100&quot;&gt;...&lt;/button&gt; is not clickable at point (1089, 540). Other element would receive the click: &lt;p&gt;...&lt;/p&gt;
  (Session info: chrome=114.0.5735.199)
Build info: version: '4.10.0', revision: 'c14d967899'
System info: os.name: 'Windows 11', os.arch: 'amd64', os.version: '10.0', java.version: '11.0.18'
Driver info: org.openqa.selenium.chrome.ChromeDriver
Command: [b7af6979650df3134ffe1b22de01888b, clickElement {id=D30CFB4F5B73B60A918B4C250D059343_element_35}]
Capabilities {acceptInsecureCerts: false, browserName: chrome, browserVersion: 114.0.5735.199, chrome: {chromedriverVersion: 114.0.5735.90 (386bc09e8f4f..., userDataDir: C:\Users\melih\AppData\Loca...}, goog:chromeOptions: {debuggerAddress: localhost:59724}, networkConnectionEnabled: false, pageLoadStrategy: normal, platformName: windows, proxy: Proxy(), se:cdp: ws://localhost:59724/devtoo..., se:cdpVersion: 114.0.5735.199, setWindowRect: true, strictFileInteractability: false, timeouts: {implicit: 0, pageLoad: 300000, script: 30000}, unhandledPromptBehavior: dismiss and notify, webauthn:extension:credBlob: true, webauthn:extension:largeBlob: true, webauthn:extension:minPinLength: true, webauthn:extension:prf: true, webauthn:virtualAuthenticators: true}
Element: [[ChromeDriver: chrome on windows (b7af6979650df3134ffe1b22de01888b)] -&gt; xpath: (//*[text() = 'Login'])[2]]
Session ID: b7af6979650df3134ffe1b22de01888b">
<![CDATA[org.openqa.selenium.ElementClickInterceptedException: element click intercepted: Element <button type="submit" class="btn red radius-5 mt-4 w-100">...</button> is not clickable at point (1089, 540). Other element would receive the click: <p>...</p>
  (Session info: chrome=114.0.5735.199)
Build info: version: '4.10.0', revision: 'c14d967899'
System info: os.name: 'Windows 11', os.arch: 'amd64', os.version: '10.0', java.version: '11.0.18'
Driver info: org.openqa.selenium.chrome.ChromeDriver
Command: [b7af6979650df3134ffe1b22de01888b, clickElement {id=D30CFB4F5B73B60A918B4C250D059343_element_35}]
Capabilities {acceptInsecureCerts: false, browserName: chrome, browserVersion: 114.0.5735.199, chrome: {chromedriverVersion: 114.0.5735.90 (386bc09e8f4f..., userDataDir: C:\Users\melih\AppData\Loca...}, goog:chromeOptions: {debuggerAddress: localhost:59724}, networkConnectionEnabled: false, pageLoadStrategy: normal, platformName: windows, proxy: Proxy(), se:cdp: ws://localhost:59724/devtoo..., se:cdpVersion: 114.0.5735.199, setWindowRect: true, strictFileInteractability: false, timeouts: {implicit: 0, pageLoad: 300000, script: 30000}, unhandledPromptBehavior: dismiss and notify, webauthn:extension:credBlob: true, webauthn:extension:largeBlob: true, webauthn:extension:minPinLength: true, webauthn:extension:prf: true, webauthn:virtualAuthenticators: true}
Element: [[ChromeDriver: chrome on windows (b7af6979650df3134ffe1b22de01888b)] -> xpath: (//*[text() = 'Login'])[2]]
Session ID: b7af6979650df3134ffe1b22de01888b
	at java.base/jdk.internal.reflect.NativeConstructorAccessorImpl.newInstance0(Native Method)
	at java.base/jdk.internal.reflect.NativeConstructorAccessorImpl.newInstance(NativeConstructorAccessorImpl.java:62)
	at java.base/jdk.internal.reflect.DelegatingConstructorAccessorImpl.newInstance(DelegatingConstructorAccessorImpl.java:45)
	at java.base/java.lang.reflect.Constructor.newInstance(Constructor.java:490)
	at org.openqa.selenium.remote.codec.w3c.W3CHttpResponseCodec.createException(W3CHttpResponseCodec.java:199)
	at org.openqa.selenium.remote.codec.w3c.W3CHttpResponseCodec.decode(W3CHttpResponseCodec.java:132)
	at org.openqa.selenium.remote.codec.w3c.W3CHttpResponseCodec.decode(W3CHttpResponseCodec.java:51)
	at org.openqa.selenium.remote.HttpCommandExecutor.execute(HttpCommandExecutor.java:191)
	at org.openqa.selenium.remote.service.DriverCommandExecutor.invokeExecute(DriverCommandExecutor.java:196)
	at org.openqa.selenium.remote.service.DriverCommandExecutor.execute(DriverCommandExecutor.java:171)
	at org.openqa.selenium.remote.RemoteWebDriver.execute(RemoteWebDriver.java:531)
	at org.openqa.selenium.remote.RemoteWebElement.execute(RemoteWebElement.java:242)
	at org.openqa.selenium.remote.RemoteWebElement.click(RemoteWebElement.java:77)
	at java.base/jdk.internal.reflect.NativeMethodAccessorImpl.invoke0(Native Method)
	at java.base/jdk.internal.reflect.NativeMethodAccessorImpl.invoke(NativeMethodAccessorImpl.java:62)
	at java.base/jdk.internal.reflect.DelegatingMethodAccessorImpl.invoke(DelegatingMethodAccessorImpl.java:43)
	at java.base/java.lang.reflect.Method.invoke(Method.java:566)
	at org.openqa.selenium.support.pagefactory.internal.LocatingElementHandler.invoke(LocatingElementHandler.java:51)
	at com.sun.proxy.$Proxy23.click(Unknown Source)
	at stepdefinitions.QdStepdefinitions.login_butonuna_basar(QdStepdefinitions.java:28)
	at ✽.login butonuna basar(file:///C:/Users/melih/IdeaProjects/team116_Cucumber/src/test/resources/US1008_ScenarioOutlineNegatifLoginTesti.feature:10)
]]>
</failure>
<system-out><![CDATA[
Given kullanici "qdUrl" anasayfaya gider....................................passed
Then anasayfada login linkine click yapar...................................passed
And email kutusuna listeden "murat" yazar...................................passed
And password kutusuna listeden "5647309" yazar..............................passed
And 2 saniye bekler.........................................................passed
When login butonuna basar...................................................failed
And basarili olarak giris yapilamadigini test eder..........................skipped
Then sayfayi kapatir........................................................skipped
]]></system-out>
</testcase>
</testsuite>
